<?xml version="1.0" encoding="UTF-8"?>
<testng-results skipped="0" failed="0" total="1" passed="1">
  <reporter-output>
  </reporter-output>
  <suite name="Suite" duration-ms="82379" started-at="2016-12-01T17:47:05Z" finished-at="2016-12-01T17:48:28Z">
    <groups>
    </groups>
    <test name="Test" duration-ms="82379" started-at="2016-12-01T17:47:05Z" finished-at="2016-12-01T17:48:28Z">
      <class name="TestNGT.NewTest">
        <test-method status="PASS" signature="beforeTest()[pri:0, instance:TestNGT.NewTest@7cdbc5d3]" name="beforeTest" is-config="true" duration-ms="6896" started-at="2016-12-01T23:17:05Z" finished-at="2016-12-01T23:17:12Z">
          <reporter-output>
          </reporter-output>
        </test-method> <!-- beforeTest -->
        <test-method status="PASS" signature="testEasy()[pri:0, instance:TestNGT.NewTest@7cdbc5d3]" name="testEasy" duration-ms="73981" started-at="2016-12-01T23:17:12Z" finished-at="2016-12-01T23:18:26Z">
          <reporter-output>
          </reporter-output>
        </test-method> <!-- testEasy -->
        <test-method status="PASS" signature="afterTest()[pri:0, instance:TestNGT.NewTest@7cdbc5d3]" name="afterTest" is-config="true" duration-ms="1480" started-at="2016-12-01T23:18:26Z" finished-at="2016-12-01T23:18:28Z">
          <reporter-output>
          </reporter-output>
        </test-method> <!-- afterTest -->
      </class> <!-- TestNGT.NewTest -->
    </test> <!-- Test -->
  </suite> <!-- Suite -->
</testng-results>
